\BOOKMARK [0][-]{chapter*.2}{\376\377\000I\000n\000t\000r\000o\000d\000u\000c\000t\000i\000o\000n}{}% 1
\BOOKMARK [0][-]{chapter.1}{\376\377\000N\000a\000t\000u\000r\000a\000l\000\040\000L\000a\000n\000g\000u\000a\000g\000e\000\040\000G\000e\000n\000e\000r\000a\000t\000i\000o\000n}{}% 2
\BOOKMARK [1][-]{section.1.1}{\376\377\000W\000h\000a\000t\000\040\000i\000s\000\040\000N\000L\000G\000?}{chapter.1}% 3
\BOOKMARK [1][-]{section.1.2}{\376\377\000U\000s\000a\000g\000e\000\040\000o\000f\000\040\000N\000L\000G}{chapter.1}% 4
\BOOKMARK [0][-]{chapter.2}{\376\377\000N\000L\000G\000\040\000T\000a\000s\000k\000s}{}% 5
\BOOKMARK [1][-]{section.2.1}{\376\377\000C\000o\000n\000t\000e\000n\000t\000\040\000d\000e\000t\000e\000r\000m\000i\000n\000a\000t\000i\000o\000n}{chapter.2}% 6
\BOOKMARK [1][-]{section.2.2}{\376\377\000D\000i\000s\000c\000o\000u\000r\000s\000e\000\040\000p\000l\000a\000n\000n\000i\000n\000g}{chapter.2}% 7
\BOOKMARK [1][-]{section.2.3}{\376\377\000S\000e\000n\000t\000e\000n\000c\000e\000\040\000A\000g\000g\000r\000e\000g\000a\000t\000i\000o\000n}{chapter.2}% 8
\BOOKMARK [1][-]{section.2.4}{\376\377\000L\000e\000x\000i\000c\000a\000l\000i\000z\000a\000t\000i\000o\000n}{chapter.2}% 9
\BOOKMARK [1][-]{section.2.5}{\376\377\000R\000e\000f\000e\000r\000r\000i\000n\000g\000\040\000e\000x\000p\000r\000e\000s\000s\000i\000o\000n\000\040\000g\000e\000n\000e\000r\000a\000t\000i\000o\000n}{chapter.2}% 10
\BOOKMARK [1][-]{section.2.6}{\376\377\000L\000i\000n\000g\000u\000i\000s\000t\000i\000c\000\040\000r\000e\000a\000l\000i\000s\000a\000t\000i\000o\000n}{chapter.2}% 11
\BOOKMARK [0][-]{chapter.3}{\376\377\000B\000-\000N\000L\000G\000\040\000a\000p\000p\000r\000o\000a\000c\000h\000e\000s}{}% 12
\BOOKMARK [1][-]{section.3.1}{\376\377\000B\000-\000M\000o\000d\000u\000l\000a\000r\000\040\000a\000r\000c\000h\000i\000t\000e\000c\000t\000u\000r\000e}{chapter.3}% 13
\BOOKMARK [1][-]{section.3.2}{\376\377\000B\000-\000P\000l\000a\000n\000n\000i\000n\000g\000\040\000a\000p\000p\000r\000o\000a\000c\000h}{chapter.3}% 14
\BOOKMARK [1][-]{section.3.3}{\376\377\000B\000-\000D\000a\000t\000a\000-\000d\000r\000i\000v\000e\000n\000\040\000a\000p\000p\000r\000o\000a\000c\000h}{chapter.3}% 15
\BOOKMARK [0][-]{chapter.4}{\376\377\000A\000-\000P\000r\000o\000c\000e\000s\000s\000\040\000o\000f\000\040\000d\000e\000v\000e\000l\000o\000p\000i\000n\000g\000\040\000a\000\040\000N\000L\000G\000\040\000s\000y\000s\000t\000e\000m}{}% 16
\BOOKMARK [1][-]{section.4.1}{\376\377\000B\000-\000R\000e\000q\000u\000i\000r\000e\000m\000e\000n\000t\000s\000\040\000a\000n\000a\000l\000y\000s\000i\000s}{chapter.4}% 17
\BOOKMARK [1][-]{section.4.2}{\376\377\000B\000-\000C\000o\000r\000p\000o\000r\000a\000\040\000b\000u\000i\000l\000d\000i\000n\000g}{chapter.4}% 18
\BOOKMARK [1][-]{section.4.3}{\376\377\000B\000-\000E\000v\000a\000l\000u\000a\000t\000i\000o\000n}{chapter.4}% 19
\BOOKMARK [0][-]{chapter.5}{\376\377\000I\000m\000p\000l\000e\000m\000e\000n\000t\000a\000t\000i\000o\000n}{}% 20
\BOOKMARK [1][-]{section.5.1}{\376\377\000R\000e\000q\000u\000i\000r\000e\000m\000e\000n\000t\000s\000\040\000a\000n\000d\000\040\000i\000n\000i\000t\000i\000a\000l\000\040\000g\000o\000a\000l}{chapter.5}% 21
\BOOKMARK [1][-]{section.5.2}{\376\377\000I\000n\000p\000u\000t\000\040\000d\000a\000t\000a}{chapter.5}% 22
\BOOKMARK [1][-]{section.5.3}{\376\377\000A\000p\000p\000r\000o\000a\000c\000h}{chapter.5}% 23
\BOOKMARK [1][-]{section.5.4}{\376\377\000M\000a\000t\000c\000h\000\040\000e\000x\000a\000m\000p\000l\000e}{chapter.5}% 24
\BOOKMARK [1][-]{section.5.5}{\376\377\000S\000t\000r\000u\000c\000t\000u\000r\000e\000\040\000o\000v\000e\000r\000v\000i\000e\000w}{chapter.5}% 25
\BOOKMARK [1][-]{section.5.6}{\376\377\000M\000o\000d\000u\000l\000e\000s\000\040\000i\000m\000p\000l\000e\000m\000e\000n\000t\000a\000t\000i\000o\000n}{chapter.5}% 26
\BOOKMARK [2][-]{subsection.5.6.1}{\376\377\000A\000u\000x\000i\000l\000i\000a\000r\000y\000\040\000m\000o\000d\000u\000l\000e\000s}{section.5.6}% 27
\BOOKMARK [2][-]{subsection.5.6.2}{\376\377\000D\000a\000t\000a\000\040\000i\000n\000i\000t\000i\000a\000l\000i\000z\000e\000r}{section.5.6}% 28
\BOOKMARK [2][-]{subsection.5.6.3}{\376\377\000D\000o\000c\000u\000m\000e\000n\000t\000\040\000p\000l\000a\000n\000n\000e\000r}{section.5.6}% 29
\BOOKMARK [2][-]{subsection.5.6.4}{\376\377\000S\000e\000n\000t\000e\000n\000c\000e\000\040\000p\000l\000a\000n\000n\000e\000r}{section.5.6}% 30
\BOOKMARK [2][-]{subsection.5.6.5}{\376\377\000L\000i\000n\000g\000u\000i\000s\000t\000i\000c\000\040\000r\000e\000a\000l\000i\000s\000e\000r}{section.5.6}% 31
\BOOKMARK [2][-]{subsection.5.6.6}{\376\377\000A\000r\000t\000i\000c\000l\000e\000s\000\040\000g\000e\000n\000e\000r\000a\000t\000o\000r}{section.5.6}% 32
\BOOKMARK [1][-]{section.5.7}{\376\377\000O\000u\000t\000p\000u\000t}{chapter.5}% 33
\BOOKMARK [1][-]{section.5.8}{\376\377\000D\000i\000s\000c\000u\000s\000s\000i\000o\000n}{chapter.5}% 34
\BOOKMARK [0][-]{chapter*.3}{\376\377\000C\000o\000n\000c\000l\000u\000s\000i\000o\000n}{}% 35
\BOOKMARK [0][-]{chapter*.4}{\376\377\000B\000i\000b\000l\000i\000o\000g\000r\000a\000p\000h\000y}{}% 36
\BOOKMARK [0][-]{chapter*.5}{\376\377\000L\000i\000s\000t\000\040\000o\000f\000\040\000F\000i\000g\000u\000r\000e\000s}{}% 37
\BOOKMARK [0][-]{chapter.6}{\376\377\000A\000t\000t\000a\000c\000h\000m\000e\000n\000t\000s}{}% 38
\BOOKMARK [1][-]{section.6.1}{\376\377\000F\000i\000r\000s\000t\000\040\000A\000t\000t\000a\000c\000h\000m\000e\000n\000t}{chapter.6}% 39
